<?xml version="1.0" encoding="UTF-8"?>
<coverage generated="1702572217176" clover="3.2.0">
  <project timestamp="1702572217176" name="All files">
    <metrics statements="66" coveredstatements="61" conditionals="26" coveredconditionals="18" methods="12" coveredmethods="11" elements="104" coveredelements="90" complexity="0" loc="66" ncloc="66" packages="2" files="5" classes="5"/>
    <package name="be">
      <metrics statements="1" coveredstatements="1" conditionals="0" coveredconditionals="0" methods="0" coveredmethods="0"/>
      <file name="constants.js" path="/Users/zakriyaalisabir/Desktop/freshket_fullstack_tasks/be/constants.js">
        <metrics statements="1" coveredstatements="1" conditionals="0" coveredconditionals="0" methods="0" coveredmethods="0"/>
        <line num="1" count="1" type="stmt"/>
      </file>
    </package>
    <package name="be.entities">
      <metrics statements="65" coveredstatements="60" conditionals="26" coveredconditionals="18" methods="12" coveredmethods="11"/>
      <file name="customer.js" path="/Users/zakriyaalisabir/Desktop/freshket_fullstack_tasks/be/entities/customer.js">
        <metrics statements="14" coveredstatements="13" conditionals="9" coveredconditionals="6" methods="3" coveredmethods="3"/>
        <line num="2" count="3" type="stmt"/>
        <line num="3" count="3" type="stmt"/>
        <line num="4" count="3" type="stmt"/>
        <line num="9" count="3" type="cond" truecount="1" falsecount="1"/>
        <line num="10" count="3" type="stmt"/>
        <line num="13" count="3" type="cond" truecount="1" falsecount="1"/>
        <line num="14" count="0" type="stmt"/>
        <line num="17" count="3" type="cond" truecount="2" falsecount="0"/>
        <line num="18" count="1" type="stmt"/>
        <line num="24" count="3" type="stmt"/>
        <line num="25" count="6" type="stmt"/>
        <line num="32" count="3" type="stmt"/>
        <line num="33" count="7" type="stmt"/>
        <line num="37" count="1" type="stmt"/>
      </file>
      <file name="foodStore.js" path="/Users/zakriyaalisabir/Desktop/freshket_fullstack_tasks/be/entities/foodStore.js">
        <metrics statements="27" coveredstatements="23" conditionals="14" coveredconditionals="11" methods="4" coveredmethods="3"/>
        <line num="7" count="1" type="stmt"/>
        <line num="10" count="3" type="stmt"/>
        <line num="11" count="3" type="stmt"/>
        <line num="14" count="3" type="stmt"/>
        <line num="17" count="3" type="stmt"/>
        <line num="18" count="0" type="stmt"/>
        <line num="20" count="0" type="stmt"/>
        <line num="23" count="3" type="cond" truecount="0" falsecount="1"/>
        <line num="24" count="3" type="stmt"/>
        <line num="25" count="3" type="stmt"/>
        <line num="26" count="3" type="stmt"/>
        <line num="28" count="3" type="stmt"/>
        <line num="29" count="7" type="stmt"/>
        <line num="30" count="7" type="cond" truecount="2" falsecount="0"/>
        <line num="31" count="1" type="stmt"/>
        <line num="33" count="6" type="stmt"/>
        <line num="38" count="7" type="cond" truecount="4" falsecount="0"/>
        <line num="39" count="1" type="stmt"/>
        <line num="40" count="1" type="stmt"/>
        <line num="46" count="3" type="cond" truecount="2" falsecount="0"/>
        <line num="49" count="3" type="cond" truecount="0" falsecount="1"/>
        <line num="51" count="7" type="cond" truecount="2" falsecount="0"/>
        <line num="53" count="7" type="cond" truecount="1" falsecount="1"/>
        <line num="54" count="7" type="stmt"/>
        <line num="56" count="0" type="stmt"/>
        <line num="57" count="0" type="stmt"/>
        <line num="63" count="1" type="stmt"/>
      </file>
      <file name="index.js" path="/Users/zakriyaalisabir/Desktop/freshket_fullstack_tasks/be/entities/index.js">
        <metrics statements="1" coveredstatements="1" conditionals="0" coveredconditionals="0" methods="0" coveredmethods="0"/>
        <line num="1" count="1" type="stmt"/>
      </file>
      <file name="orderBuilder.js" path="/Users/zakriyaalisabir/Desktop/freshket_fullstack_tasks/be/entities/orderBuilder.js">
        <metrics statements="23" coveredstatements="23" conditionals="3" coveredconditionals="1" methods="5" coveredmethods="5"/>
        <line num="1" count="1" type="stmt"/>
        <line num="5" count="3" type="stmt"/>
        <line num="6" count="3" type="stmt"/>
        <line num="9" count="3" type="stmt"/>
        <line num="12" count="3" type="stmt"/>
        <line num="13" count="3" type="stmt"/>
        <line num="17" count="3" type="stmt"/>
        <line num="18" count="7" type="stmt"/>
        <line num="22" count="7" type="stmt"/>
        <line num="27" count="3" type="stmt"/>
        <line num="31" count="3" type="stmt"/>
        <line num="34" count="3" type="stmt"/>
        <line num="35" count="3" type="stmt"/>
        <line num="37" count="3" type="stmt"/>
        <line num="40" count="3" type="cond" truecount="0" falsecount="1"/>
        <line num="41" count="7" type="stmt"/>
        <line num="42" count="7" type="stmt"/>
        <line num="46" count="7" type="cond" truecount="1" falsecount="1"/>
        <line num="47" count="7" type="stmt"/>
        <line num="50" count="7" type="stmt"/>
        <line num="53" count="3" type="stmt"/>
        <line num="54" count="3" type="stmt"/>
        <line num="59" count="1" type="stmt"/>
      </file>
    </package>
  </project>
</coverage>
