{"/Users/zakriyaalisabir/Desktop/freshket_fullstack_tasks/be/constants.js": {"path":"/Users/zakriyaalisabir/Desktop/freshket_fullstack_tasks/be/constants.js","statementMap":{"0":{"start":{"line":1,"column":0},"end":{"line":15,"column":1}}},"fnMap":{},"branchMap":{},"s":{"0":1},"f":{},"b":{},"_coverageSchema":"1a1c01bbd47fc00a2c39e90264f33305004495a9","hash":"a2edaf21f85d61525c4e1970a88d6517a382cf1d"}
,"/Users/zakriyaalisabir/Desktop/freshket_fullstack_tasks/be/entities/customer.js": {"path":"/Users/zakriyaalisabir/Desktop/freshket_fullstack_tasks/be/entities/customer.js","statementMap":{"0":{"start":{"line":2,"column":9},"end":{"line":2,"column":14}},"1":{"start":{"line":3,"column":13},"end":{"line":3,"column":18}},"2":{"start":{"line":4,"column":7},"end":{"line":4,"column":22}},"3":{"start":{"line":9,"column":4},"end":{"line":11,"column":5}},"4":{"start":{"line":10,"column":6},"end":{"line":10,"column":22}},"5":{"start":{"line":13,"column":4},"end":{"line":15,"column":5}},"6":{"start":{"line":14,"column":6},"end":{"line":14,"column":18}},"7":{"start":{"line":17,"column":4},"end":{"line":19,"column":5}},"8":{"start":{"line":18,"column":6},"end":{"line":18,"column":30}},"9":{"start":{"line":24,"column":20},"end":{"line":30,"column":3}},"10":{"start":{"line":25,"column":4},"end":{"line":29,"column":5}},"11":{"start":{"line":32,"column":14},"end":{"line":34,"column":3}},"12":{"start":{"line":33,"column":4},"end":{"line":33,"column":24}},"13":{"start":{"line":37,"column":0},"end":{"line":37,"column":29}}},"fnMap":{"0":{"name":"(anonymous_0)","decl":{"start":{"line":6,"column":2},"end":{"line":6,"column":3}},"loc":{"start":{"line":6,"column":56},"end":{"line":22,"column":3}},"line":6},"1":{"name":"(anonymous_1)","decl":{"start":{"line":24,"column":20},"end":{"line":24,"column":21}},"loc":{"start":{"line":24,"column":26},"end":{"line":30,"column":3}},"line":24},"2":{"name":"(anonymous_2)","decl":{"start":{"line":32,"column":14},"end":{"line":32,"column":15}},"loc":{"start":{"line":32,"column":20},"end":{"line":34,"column":3}},"line":32}},"branchMap":{"0":{"loc":{"start":{"line":6,"column":16},"end":{"line":6,"column":25}},"type":"default-arg","locations":[{"start":{"line":6,"column":23},"end":{"line":6,"column":25}}],"line":6},"1":{"loc":{"start":{"line":6,"column":27},"end":{"line":6,"column":34}},"type":"default-arg","locations":[{"start":{"line":6,"column":32},"end":{"line":6,"column":34}}],"line":6},"2":{"loc":{"start":{"line":6,"column":36},"end":{"line":6,"column":52}},"type":"default-arg","locations":[{"start":{"line":6,"column":47},"end":{"line":6,"column":52}}],"line":6},"3":{"loc":{"start":{"line":9,"column":4},"end":{"line":11,"column":5}},"type":"if","locations":[{"start":{"line":9,"column":4},"end":{"line":11,"column":5}},{"start":{},"end":{}}],"line":9},"4":{"loc":{"start":{"line":13,"column":4},"end":{"line":15,"column":5}},"type":"if","locations":[{"start":{"line":13,"column":4},"end":{"line":15,"column":5}},{"start":{},"end":{}}],"line":13},"5":{"loc":{"start":{"line":17,"column":4},"end":{"line":19,"column":5}},"type":"if","locations":[{"start":{"line":17,"column":4},"end":{"line":19,"column":5}},{"start":{},"end":{}}],"line":17}},"s":{"0":3,"1":3,"2":3,"3":3,"4":3,"5":3,"6":0,"7":3,"8":1,"9":3,"10":6,"11":3,"12":7,"13":1},"f":{"0":3,"1":6,"2":7},"b":{"0":[0],"1":[3],"2":[2],"3":[3,0],"4":[0,3],"5":[1,2]},"_coverageSchema":"1a1c01bbd47fc00a2c39e90264f33305004495a9","hash":"3e62f49e195741a748c9d3d7457c9bf58a8e0df9"}
,"/Users/zakriyaalisabir/Desktop/freshket_fullstack_tasks/be/entities/foodStore.js": {"path":"/Users/zakriyaalisabir/Desktop/freshket_fullstack_tasks/be/entities/foodStore.js","statementMap":{"0":{"start":{"line":7,"column":4},"end":{"line":7,"column":27}},"1":{"start":{"line":10,"column":13},"end":{"line":10,"column":17}},"2":{"start":{"line":11,"column":27},"end":{"line":11,"column":28}},"3":{"start":{"line":14,"column":4},"end":{"line":14,"column":28}},"4":{"start":{"line":17,"column":23},"end":{"line":21,"column":3}},"5":{"start":{"line":18,"column":4},"end":{"line":18,"column":124}},"6":{"start":{"line":20,"column":4},"end":{"line":20,"column":16}},"7":{"start":{"line":23,"column":36},"end":{"line":47,"column":3}},"8":{"start":{"line":24,"column":23},"end":{"line":24,"column":25}},"9":{"start":{"line":25,"column":32},"end":{"line":25,"column":37}},"10":{"start":{"line":26,"column":30},"end":{"line":26,"column":49}},"11":{"start":{"line":28,"column":4},"end":{"line":42,"column":5}},"12":{"start":{"line":29,"column":23},"end":{"line":29,"column":44}},"13":{"start":{"line":30,"column":6},"end":{"line":34,"column":7}},"14":{"start":{"line":31,"column":8},"end":{"line":31,"column":33}},"15":{"start":{"line":33,"column":8},"end":{"line":33,"column":32}},"16":{"start":{"line":38,"column":6},"end":{"line":41,"column":7}},"17":{"start":{"line":39,"column":8},"end":{"line":39,"column":36}},"18":{"start":{"line":40,"column":8},"end":{"line":40,"column":13}},"19":{"start":{"line":46,"column":4},"end":{"line":46,"column":58}},"20":{"start":{"line":49,"column":17},"end":{"line":59,"column":3}},"21":{"start":{"line":51,"column":21},"end":{"line":51,"column":82}},"22":{"start":{"line":53,"column":4},"end":{"line":58,"column":5}},"23":{"start":{"line":54,"column":6},"end":{"line":54,"column":103}},"24":{"start":{"line":56,"column":6},"end":{"line":56,"column":51}},"25":{"start":{"line":57,"column":6},"end":{"line":57,"column":15}},"26":{"start":{"line":63,"column":0},"end":{"line":63,"column":30}}},"fnMap":{"0":{"name":"(anonymous_0)","decl":{"start":{"line":13,"column":2},"end":{"line":13,"column":3}},"loc":{"start":{"line":13,"column":24},"end":{"line":15,"column":3}},"line":13},"1":{"name":"(anonymous_1)","decl":{"start":{"line":17,"column":23},"end":{"line":17,"column":24}},"loc":{"start":{"line":17,"column":29},"end":{"line":21,"column":3}},"line":17},"2":{"name":"(anonymous_2)","decl":{"start":{"line":23,"column":36},"end":{"line":23,"column":37}},"loc":{"start":{"line":23,"column":57},"end":{"line":47,"column":3}},"line":23},"3":{"name":"(anonymous_3)","decl":{"start":{"line":49,"column":17},"end":{"line":49,"column":18}},"loc":{"start":{"line":49,"column":32},"end":{"line":59,"column":3}},"line":49}},"branchMap":{"0":{"loc":{"start":{"line":23,"column":37},"end":{"line":23,"column":52}},"type":"default-arg","locations":[{"start":{"line":23,"column":50},"end":{"line":23,"column":52}}],"line":23},"1":{"loc":{"start":{"line":30,"column":6},"end":{"line":34,"column":7}},"type":"if","locations":[{"start":{"line":30,"column":6},"end":{"line":34,"column":7}},{"start":{"line":32,"column":13},"end":{"line":34,"column":7}}],"line":30},"2":{"loc":{"start":{"line":38,"column":6},"end":{"line":41,"column":7}},"type":"if","locations":[{"start":{"line":38,"column":6},"end":{"line":41,"column":7}},{"start":{},"end":{}}],"line":38},"3":{"loc":{"start":{"line":38,"column":10},"end":{"line":38,"column":88}},"type":"binary-expr","locations":[{"start":{"line":38,"column":10},"end":{"line":38,"column":58}},{"start":{"line":38,"column":62},"end":{"line":38,"column":88}}],"line":38},"4":{"loc":{"start":{"line":46,"column":11},"end":{"line":46,"column":58}},"type":"cond-expr","locations":[{"start":{"line":46,"column":35},"end":{"line":46,"column":54}},{"start":{"line":46,"column":57},"end":{"line":46,"column":58}}],"line":46},"5":{"loc":{"start":{"line":49,"column":18},"end":{"line":49,"column":27}},"type":"default-arg","locations":[{"start":{"line":49,"column":25},"end":{"line":49,"column":27}}],"line":49},"6":{"loc":{"start":{"line":51,"column":21},"end":{"line":51,"column":82}},"type":"cond-expr","locations":[{"start":{"line":51,"column":49},"end":{"line":51,"column":52}},{"start":{"line":51,"column":55},"end":{"line":51,"column":82}}],"line":51},"7":{"loc":{"start":{"line":53,"column":4},"end":{"line":58,"column":5}},"type":"if","locations":[{"start":{"line":53,"column":4},"end":{"line":58,"column":5}},{"start":{"line":55,"column":11},"end":{"line":58,"column":5}}],"line":53}},"s":{"0":1,"1":3,"2":3,"3":3,"4":3,"5":0,"6":0,"7":3,"8":3,"9":3,"10":3,"11":3,"12":7,"13":7,"14":1,"15":6,"16":7,"17":1,"18":1,"19":3,"20":3,"21":7,"22":7,"23":7,"24":0,"25":0,"26":1},"f":{"0":3,"1":0,"2":3,"3":7},"b":{"0":[0],"1":[1,6],"2":[1,6],"3":[7,4],"4":[1,2],"5":[0],"6":[2,5],"7":[7,0]},"_coverageSchema":"1a1c01bbd47fc00a2c39e90264f33305004495a9","hash":"2ac74ec70bf11ed50da88e9472cc44fa9c5542a7"}
,"/Users/zakriyaalisabir/Desktop/freshket_fullstack_tasks/be/entities/index.js": {"path":"/Users/zakriyaalisabir/Desktop/freshket_fullstack_tasks/be/entities/index.js","statementMap":{"0":{"start":{"line":1,"column":0},"end":{"line":5,"column":1}}},"fnMap":{},"branchMap":{},"s":{"0":1},"f":{},"b":{},"_coverageSchema":"1a1c01bbd47fc00a2c39e90264f33305004495a9","hash":"1c08b98eebf820f1e45b698d86ce26adb8a1f9a6"}
,"/Users/zakriyaalisabir/Desktop/freshket_fullstack_tasks/be/entities/orderBuilder.js": {"path":"/Users/zakriyaalisabir/Desktop/freshket_fullstack_tasks/be/entities/orderBuilder.js","statementMap":{"0":{"start":{"line":1,"column":22},"end":{"line":1,"column":44}},"1":{"start":{"line":5,"column":10},"end":{"line":5,"column":11}},"2":{"start":{"line":6,"column":15},"end":{"line":6,"column":17}},"3":{"start":{"line":9,"column":4},"end":{"line":9,"column":19}},"4":{"start":{"line":12,"column":24},"end":{"line":32,"column":3}},"5":{"start":{"line":13,"column":25},"end":{"line":13,"column":78}},"6":{"start":{"line":17,"column":4},"end":{"line":23,"column":5}},"7":{"start":{"line":18,"column":23},"end":{"line":18,"column":44}},"8":{"start":{"line":22,"column":6},"end":{"line":22,"column":35}},"9":{"start":{"line":27,"column":4},"end":{"line":27,"column":57}},"10":{"start":{"line":31,"column":4},"end":{"line":31,"column":80}},"11":{"start":{"line":34,"column":28},"end":{"line":38,"column":3}},"12":{"start":{"line":35,"column":4},"end":{"line":35,"column":96}},"13":{"start":{"line":37,"column":4},"end":{"line":37,"column":16}},"14":{"start":{"line":40,"column":10},"end":{"line":51,"column":3}},"15":{"start":{"line":41,"column":30},"end":{"line":41,"column":48}},"16":{"start":{"line":42,"column":18},"end":{"line":42,"column":54}},"17":{"start":{"line":46,"column":4},"end":{"line":48,"column":5}},"18":{"start":{"line":47,"column":6},"end":{"line":47,"column":59}},"19":{"start":{"line":50,"column":4},"end":{"line":50,"column":16}},"20":{"start":{"line":53,"column":18},"end":{"line":55,"column":3}},"21":{"start":{"line":54,"column":4},"end":{"line":54,"column":38}},"22":{"start":{"line":59,"column":0},"end":{"line":59,"column":33}}},"fnMap":{"0":{"name":"(anonymous_0)","decl":{"start":{"line":8,"column":2},"end":{"line":8,"column":3}},"loc":{"start":{"line":8,"column":24},"end":{"line":10,"column":3}},"line":8},"1":{"name":"(anonymous_1)","decl":{"start":{"line":12,"column":24},"end":{"line":12,"column":25}},"loc":{"start":{"line":12,"column":30},"end":{"line":32,"column":3}},"line":12},"2":{"name":"(anonymous_2)","decl":{"start":{"line":34,"column":28},"end":{"line":34,"column":29}},"loc":{"start":{"line":34,"column":34},"end":{"line":38,"column":3}},"line":34},"3":{"name":"(anonymous_3)","decl":{"start":{"line":40,"column":10},"end":{"line":40,"column":11}},"loc":{"start":{"line":40,"column":25},"end":{"line":51,"column":3}},"line":40},"4":{"name":"(anonymous_4)","decl":{"start":{"line":53,"column":18},"end":{"line":53,"column":19}},"loc":{"start":{"line":53,"column":24},"end":{"line":55,"column":3}},"line":53}},"branchMap":{"0":{"loc":{"start":{"line":40,"column":11},"end":{"line":40,"column":20}},"type":"default-arg","locations":[{"start":{"line":40,"column":18},"end":{"line":40,"column":20}}],"line":40},"1":{"loc":{"start":{"line":46,"column":4},"end":{"line":48,"column":5}},"type":"if","locations":[{"start":{"line":46,"column":4},"end":{"line":48,"column":5}},{"start":{},"end":{}}],"line":46}},"s":{"0":1,"1":3,"2":3,"3":3,"4":3,"5":3,"6":3,"7":7,"8":7,"9":3,"10":3,"11":3,"12":3,"13":3,"14":3,"15":7,"16":7,"17":7,"18":7,"19":7,"20":3,"21":3,"22":1},"f":{"0":3,"1":3,"2":3,"3":7,"4":3},"b":{"0":[0],"1":[7,0]},"_coverageSchema":"1a1c01bbd47fc00a2c39e90264f33305004495a9","hash":"db364c0e034f68a03b94b598a0b475189e361621"}
}
