TN:
SF:constants.js
FNF:0
FNH:0
DA:1,1
LF:1
LH:1
BRF:0
BRH:0
end_of_record
TN:
SF:entities/customer.js
FN:6,(anonymous_0)
FN:24,(anonymous_1)
FN:32,(anonymous_2)
FNF:3
FNH:3
FNDA:3,(anonymous_0)
FNDA:6,(anonymous_1)
FNDA:7,(anonymous_2)
DA:2,3
DA:3,3
DA:4,3
DA:9,3
DA:10,3
DA:13,3
DA:14,0
DA:17,3
DA:18,1
DA:24,3
DA:25,6
DA:32,3
DA:33,7
DA:37,1
LF:14
LH:13
BRDA:6,0,0,0
BRDA:6,1,0,3
BRDA:6,2,0,2
BRDA:9,3,0,3
BRDA:9,3,1,0
BRDA:13,4,0,0
BRDA:13,4,1,3
BRDA:17,5,0,1
BRDA:17,5,1,2
BRF:9
BRH:6
end_of_record
TN:
SF:entities/foodStore.js
FN:13,(anonymous_0)
FN:17,(anonymous_1)
FN:23,(anonymous_2)
FN:49,(anonymous_3)
FNF:4
FNH:3
FNDA:3,(anonymous_0)
FNDA:0,(anonymous_1)
FNDA:3,(anonymous_2)
FNDA:7,(anonymous_3)
DA:7,1
DA:10,3
DA:11,3
DA:14,3
DA:17,3
DA:18,0
DA:20,0
DA:23,3
DA:24,3
DA:25,3
DA:26,3
DA:28,3
DA:29,7
DA:30,7
DA:31,1
DA:33,6
DA:38,7
DA:39,1
DA:40,1
DA:46,3
DA:49,3
DA:51,7
DA:53,7
DA:54,7
DA:56,0
DA:57,0
DA:63,1
LF:27
LH:23
BRDA:23,0,0,0
BRDA:30,1,0,1
BRDA:30,1,1,6
BRDA:38,2,0,1
BRDA:38,2,1,6
BRDA:38,3,0,7
BRDA:38,3,1,4
BRDA:46,4,0,1
BRDA:46,4,1,2
BRDA:49,5,0,0
BRDA:51,6,0,2
BRDA:51,6,1,5
BRDA:53,7,0,7
BRDA:53,7,1,0
BRF:14
BRH:11
end_of_record
TN:
SF:entities/index.js
FNF:0
FNH:0
DA:1,1
LF:1
LH:1
BRF:0
BRH:0
end_of_record
TN:
SF:entities/orderBuilder.js
FN:8,(anonymous_0)
FN:12,(anonymous_1)
FN:34,(anonymous_2)
FN:40,(anonymous_3)
FN:53,(anonymous_4)
FNF:5
FNH:5
FNDA:3,(anonymous_0)
FNDA:3,(anonymous_1)
FNDA:3,(anonymous_2)
FNDA:7,(anonymous_3)
FNDA:3,(anonymous_4)
DA:1,1
DA:5,3
DA:6,3
DA:9,3
DA:12,3
DA:13,3
DA:17,3
DA:18,7
DA:22,7
DA:27,3
DA:31,3
DA:34,3
DA:35,3
DA:37,3
DA:40,3
DA:41,7
DA:42,7
DA:46,7
DA:47,7
DA:50,7
DA:53,3
DA:54,3
DA:59,1
LF:23
LH:23
BRDA:40,0,0,0
BRDA:46,1,0,7
BRDA:46,1,1,0
BRF:3
BRH:1
end_of_record
